2020-10-16 14:01:20.9618 Info Auto loading assembly file: /media/ism-ubuntu-onur/sade/code/clone code/SamilsamArge/Argeargebackend/bin/Debug/netcoreapp3.1/NLog.Extensions.Logging.dll
2020-10-16 14:01:20.9674 Info Loading assembly file: /media/ism-ubuntu-onur/sade/code/clone code/SamilsamArge/Argeargebackend/bin/Debug/netcoreapp3.1/NLog.Extensions.Logging.dll
2020-10-16 14:01:20.9754 Info NLog.Extensions.Logging, Version=1.0.0.0, Culture=neutral, PublicKeyToken=5120e14c03d0593c. File version: 1.6.0.1196. Product version: 1.6.0.
2020-10-16 14:01:20.9899 Info Auto loading assembly file: /media/ism-ubuntu-onur/sade/code/clone code/SamilsamArge/Argeargebackend/bin/Debug/netcoreapp3.1/NLog.Extensions.Logging.dll succeeded!
2020-10-16 14:01:20.9899 Info Auto loading assembly file: /media/ism-ubuntu-onur/sade/code/clone code/SamilsamArge/Argeargebackend/bin/Debug/netcoreapp3.1/NLog.Web.AspNetCore.dll
2020-10-16 14:01:20.9899 Info Loading assembly file: /media/ism-ubuntu-onur/sade/code/clone code/SamilsamArge/Argeargebackend/bin/Debug/netcoreapp3.1/NLog.Web.AspNetCore.dll
2020-10-16 14:01:20.9908 Info NLog.Web.AspNetCore, Version=4.0.0.0, Culture=neutral, PublicKeyToken=5120e14c03d0593c. File version: 4.9.0.1511. Product version: 4.9.0.
2020-10-16 14:01:20.9908 Info Auto loading assembly file: /media/ism-ubuntu-onur/sade/code/clone code/SamilsamArge/Argeargebackend/bin/Debug/netcoreapp3.1/NLog.Web.AspNetCore.dll succeeded!
2020-10-16 14:01:20.9908 Info Auto loading assembly file: /media/ism-ubuntu-onur/sade/code/clone code/SamilsamArge/Argeargebackend/bin/Debug/netcoreapp3.1/NLog.Targets.ElasticSearch.dll
2020-10-16 14:01:20.9908 Info Loading assembly file: /media/ism-ubuntu-onur/sade/code/clone code/SamilsamArge/Argeargebackend/bin/Debug/netcoreapp3.1/NLog.Targets.ElasticSearch.dll
2020-10-16 14:01:20.9908 Info NLog.Targets.ElasticSearch, Version=1.0.0.0, Culture=neutral, PublicKeyToken=3eb62cd298662c6a. File version: 1.0.0.0. Product version: 1.0.0+8f57b85988d61e23db8c67da4a8e6f1a746bd05f.
2020-10-16 14:01:20.9908 Info Auto loading assembly file: /media/ism-ubuntu-onur/sade/code/clone code/SamilsamArge/Argeargebackend/bin/Debug/netcoreapp3.1/NLog.Targets.ElasticSearch.dll succeeded!
2020-10-16 14:01:20.9908 Info Message Template Auto Format enabled
2020-10-16 14:01:21.0342 Info Adding target FileTarget(Name=allfile)
2020-10-16 14:01:21.0350 Info Adding target FileTarget(Name=ownFile-web)
2020-10-16 14:01:21.0350 Info Adding target BufferingTargetWrapper(Name=ElasticSearch)
2020-10-16 14:01:21.0499 Warn Unused target detected. Add a rule for this target to the configuration. TargetName: ownFile-web
2020-10-16 14:01:21.0608 Info Found 58 configuration items
2020-10-16 14:01:26.3383 Info Auto loading assembly file: /media/ism-ubuntu-onur/sade/code/clone code/SamilsamArge/Argeargebackend/bin/Debug/netcoreapp3.1/NLog.Extensions.Logging.dll
2020-10-16 14:01:26.3437 Info Loading assembly file: /media/ism-ubuntu-onur/sade/code/clone code/SamilsamArge/Argeargebackend/bin/Debug/netcoreapp3.1/NLog.Extensions.Logging.dll
2020-10-16 14:01:26.3519 Info NLog.Extensions.Logging, Version=1.0.0.0, Culture=neutral, PublicKeyToken=5120e14c03d0593c. File version: 1.6.0.1196. Product version: 1.6.0.
2020-10-16 14:01:26.3519 Info Auto loading assembly file: /media/ism-ubuntu-onur/sade/code/clone code/SamilsamArge/Argeargebackend/bin/Debug/netcoreapp3.1/NLog.Extensions.Logging.dll succeeded!
2020-10-16 14:01:26.3519 Info Auto loading assembly file: /media/ism-ubuntu-onur/sade/code/clone code/SamilsamArge/Argeargebackend/bin/Debug/netcoreapp3.1/NLog.Web.AspNetCore.dll
2020-10-16 14:01:26.3519 Info Loading assembly file: /media/ism-ubuntu-onur/sade/code/clone code/SamilsamArge/Argeargebackend/bin/Debug/netcoreapp3.1/NLog.Web.AspNetCore.dll
2020-10-16 14:01:26.3519 Info NLog.Web.AspNetCore, Version=4.0.0.0, Culture=neutral, PublicKeyToken=5120e14c03d0593c. File version: 4.9.0.1511. Product version: 4.9.0.
2020-10-16 14:01:26.3547 Info Auto loading assembly file: /media/ism-ubuntu-onur/sade/code/clone code/SamilsamArge/Argeargebackend/bin/Debug/netcoreapp3.1/NLog.Web.AspNetCore.dll succeeded!
2020-10-16 14:01:26.3547 Info Auto loading assembly file: /media/ism-ubuntu-onur/sade/code/clone code/SamilsamArge/Argeargebackend/bin/Debug/netcoreapp3.1/NLog.Targets.ElasticSearch.dll
2020-10-16 14:01:26.3547 Info Loading assembly file: /media/ism-ubuntu-onur/sade/code/clone code/SamilsamArge/Argeargebackend/bin/Debug/netcoreapp3.1/NLog.Targets.ElasticSearch.dll
2020-10-16 14:01:26.3547 Info NLog.Targets.ElasticSearch, Version=1.0.0.0, Culture=neutral, PublicKeyToken=3eb62cd298662c6a. File version: 1.0.0.0. Product version: 1.0.0+8f57b85988d61e23db8c67da4a8e6f1a746bd05f.
2020-10-16 14:01:26.3547 Info Auto loading assembly file: /media/ism-ubuntu-onur/sade/code/clone code/SamilsamArge/Argeargebackend/bin/Debug/netcoreapp3.1/NLog.Targets.ElasticSearch.dll succeeded!
2020-10-16 14:01:26.3547 Info Message Template Auto Format enabled
2020-10-16 14:01:26.3983 Info Adding target FileTarget(Name=allfile)
2020-10-16 14:01:26.3991 Info Adding target FileTarget(Name=ownFile-web)
2020-10-16 14:01:26.3991 Info Adding target BufferingTargetWrapper(Name=ElasticSearch)
2020-10-16 14:01:26.4142 Warn Unused target detected. Add a rule for this target to the configuration. TargetName: ownFile-web
2020-10-16 14:01:26.4250 Info Found 58 configuration items
2020-10-16 14:03:18.5021 Info Message Template Auto Format enabled
2020-10-16 14:03:18.5424 Info Adding target FileTarget(Name=allfile)
2020-10-16 14:03:18.5434 Info Adding target FileTarget(Name=ownFile-web)
2020-10-16 14:03:18.5434 Info Adding target BufferingTargetWrapper(Name=ElasticSearch)
2020-10-16 14:03:18.5579 Warn Unused target detected. Add a rule for this target to the configuration. TargetName: ownFile-web
2020-10-16 14:03:18.5667 Info Found 58 configuration items
2020-10-16 14:03:18.5890 Info Configuration initialized.
2020-10-16 14:03:18.5890 Info NLog, Version=4.0.0.0, Culture=neutral, PublicKeyToken=5120e14c03d0593c. File version: 4.6.8.10751. Product version: 4.6.8.
2020-10-16 14:03:19.2622 Info AppDomain Shutting down. Logger closing...
2020-10-16 14:03:19.3788 Error ElasticSearch: Failed to send log messages. status= Exception: Elasticsearch.Net.ElasticsearchClientException: Failed to ping the specified node.. Call: Status code unknown from: HEAD /
 ---> Elasticsearch.Net.PipelineException: Failed to ping the specified node.
 ---> Elasticsearch.Net.PipelineException: An error occurred trying to write the request data to the specified node.
 ---> System.Net.Http.HttpRequestException: Connection refused
 ---> System.Net.Sockets.SocketException (111): Connection refused
   at System.Net.Http.ConnectHelper.ConnectAsync(String host, Int32 port, CancellationToken cancellationToken)
   --- End of inner exception stack trace ---
   at System.Net.Http.ConnectHelper.ConnectAsync(String host, Int32 port, CancellationToken cancellationToken)
   at System.Net.Http.HttpConnectionPool.ConnectAsync(HttpRequestMessage request, Boolean allowHttp2, CancellationToken cancellationToken)
   at System.Net.Http.HttpConnectionPool.CreateHttp11ConnectionAsync(HttpRequestMessage request, CancellationToken cancellationToken)
   at System.Net.Http.HttpConnectionPool.GetHttpConnectionAsync(HttpRequestMessage request, CancellationToken cancellationToken)
   at System.Net.Http.HttpConnectionPool.SendWithRetryAsync(HttpRequestMessage request, Boolean doRequestAuth, CancellationToken cancellationToken)
   at System.Net.Http.RedirectHandler.SendAsync(HttpRequestMessage request, CancellationToken cancellationToken)
   at System.Net.Http.HttpClient.FinishSendAsyncUnbuffered(Task`1 sendTask, HttpRequestMessage request, CancellationTokenSource cts, Boolean disposeCts)
   at Elasticsearch.Net.HttpConnection.Request[TResponse](RequestData requestData)
   --- End of inner exception stack trace ---
   at Elasticsearch.Net.RequestPipeline.Ping(Node node)
   --- End of inner exception stack trace ---
   at Elasticsearch.Net.RequestPipeline.Ping(Node node)
   at Elasticsearch.Net.Transport`1.Ping(IRequestPipeline pipeline, Node node)
   at Elasticsearch.Net.Transport`1.Request[TResponse](HttpMethod method, String path, PostData data, IRequestParameters requestParameters)
   --- End of inner exception stack trace ---
2020-10-16 14:03:19.3788 Info Logger has been shut down.
2020-10-16 14:06:28.1063 Info Message Template Auto Format enabled
2020-10-16 14:06:28.1458 Info Adding target FileTarget(Name=allfile)
2020-10-16 14:06:28.1467 Info Adding target FileTarget(Name=ownFile-web)
2020-10-16 14:06:28.1467 Info Adding target BufferingTargetWrapper(Name=ElasticSearch)
2020-10-16 14:06:28.1609 Warn Unused target detected. Add a rule for this target to the configuration. TargetName: ownFile-web
2020-10-16 14:06:28.1702 Info Found 58 configuration items
2020-10-16 14:06:28.1925 Info Configuration initialized.
2020-10-16 14:06:28.1925 Info NLog, Version=4.0.0.0, Culture=neutral, PublicKeyToken=5120e14c03d0593c. File version: 4.6.8.10751. Product version: 4.6.8.
2020-10-16 14:06:29.0266 Info AppDomain Shutting down. Logger closing...
2020-10-16 14:06:29.1067 Error ElasticSearch: Failed to send log messages. status= Exception: Elasticsearch.Net.ElasticsearchClientException: Failed to ping the specified node.. Call: Status code unknown from: HEAD /
 ---> Elasticsearch.Net.PipelineException: Failed to ping the specified node.
 ---> Elasticsearch.Net.PipelineException: An error occurred trying to write the request data to the specified node.
 ---> System.Net.Http.HttpRequestException: Connection refused
 ---> System.Net.Sockets.SocketException (111): Connection refused
   at System.Net.Http.ConnectHelper.ConnectAsync(String host, Int32 port, CancellationToken cancellationToken)
   --- End of inner exception stack trace ---
   at System.Net.Http.ConnectHelper.ConnectAsync(String host, Int32 port, CancellationToken cancellationToken)
   at System.Net.Http.HttpConnectionPool.ConnectAsync(HttpRequestMessage request, Boolean allowHttp2, CancellationToken cancellationToken)
   at System.Net.Http.HttpConnectionPool.CreateHttp11ConnectionAsync(HttpRequestMessage request, CancellationToken cancellationToken)
   at System.Net.Http.HttpConnectionPool.GetHttpConnectionAsync(HttpRequestMessage request, CancellationToken cancellationToken)
   at System.Net.Http.HttpConnectionPool.SendWithRetryAsync(HttpRequestMessage request, Boolean doRequestAuth, CancellationToken cancellationToken)
   at System.Net.Http.RedirectHandler.SendAsync(HttpRequestMessage request, CancellationToken cancellationToken)
   at System.Net.Http.HttpClient.FinishSendAsyncUnbuffered(Task`1 sendTask, HttpRequestMessage request, CancellationTokenSource cts, Boolean disposeCts)
   at Elasticsearch.Net.HttpConnection.Request[TResponse](RequestData requestData)
   --- End of inner exception stack trace ---
   at Elasticsearch.Net.RequestPipeline.Ping(Node node)
   --- End of inner exception stack trace ---
   at Elasticsearch.Net.RequestPipeline.Ping(Node node)
   at Elasticsearch.Net.Transport`1.Ping(IRequestPipeline pipeline, Node node)
   at Elasticsearch.Net.Transport`1.Request[TResponse](HttpMethod method, String path, PostData data, IRequestParameters requestParameters)
   --- End of inner exception stack trace ---
2020-10-16 14:06:29.1067 Info Logger has been shut down.
2020-10-16 14:06:41.0371 Info Auto loading assembly file: /media/ism-ubuntu-onur/sade/code/clone code/SamilsamArge/Argeargebackend/bin/Debug/netcoreapp3.1/NLog.Extensions.Logging.dll
2020-10-16 14:06:41.0429 Info Loading assembly file: /media/ism-ubuntu-onur/sade/code/clone code/SamilsamArge/Argeargebackend/bin/Debug/netcoreapp3.1/NLog.Extensions.Logging.dll
2020-10-16 14:06:41.0515 Info NLog.Extensions.Logging, Version=1.0.0.0, Culture=neutral, PublicKeyToken=5120e14c03d0593c. File version: 1.6.0.1196. Product version: 1.6.0.
2020-10-16 14:06:41.0515 Info Auto loading assembly file: /media/ism-ubuntu-onur/sade/code/clone code/SamilsamArge/Argeargebackend/bin/Debug/netcoreapp3.1/NLog.Extensions.Logging.dll succeeded!
2020-10-16 14:06:41.0515 Info Auto loading assembly file: /media/ism-ubuntu-onur/sade/code/clone code/SamilsamArge/Argeargebackend/bin/Debug/netcoreapp3.1/NLog.Web.AspNetCore.dll
2020-10-16 14:06:41.0515 Info Loading assembly file: /media/ism-ubuntu-onur/sade/code/clone code/SamilsamArge/Argeargebackend/bin/Debug/netcoreapp3.1/NLog.Web.AspNetCore.dll
2020-10-16 14:06:41.0515 Info NLog.Web.AspNetCore, Version=4.0.0.0, Culture=neutral, PublicKeyToken=5120e14c03d0593c. File version: 4.9.0.1511. Product version: 4.9.0.
2020-10-16 14:06:41.0515 Info Auto loading assembly file: /media/ism-ubuntu-onur/sade/code/clone code/SamilsamArge/Argeargebackend/bin/Debug/netcoreapp3.1/NLog.Web.AspNetCore.dll succeeded!
2020-10-16 14:06:41.0515 Info Auto loading assembly file: /media/ism-ubuntu-onur/sade/code/clone code/SamilsamArge/Argeargebackend/bin/Debug/netcoreapp3.1/NLog.Targets.ElasticSearch.dll
2020-10-16 14:06:41.0546 Info Loading assembly file: /media/ism-ubuntu-onur/sade/code/clone code/SamilsamArge/Argeargebackend/bin/Debug/netcoreapp3.1/NLog.Targets.ElasticSearch.dll
2020-10-16 14:06:41.0546 Info NLog.Targets.ElasticSearch, Version=1.0.0.0, Culture=neutral, PublicKeyToken=3eb62cd298662c6a. File version: 1.0.0.0. Product version: 1.0.0+8f57b85988d61e23db8c67da4a8e6f1a746bd05f.
2020-10-16 14:06:41.0546 Info Auto loading assembly file: /media/ism-ubuntu-onur/sade/code/clone code/SamilsamArge/Argeargebackend/bin/Debug/netcoreapp3.1/NLog.Targets.ElasticSearch.dll succeeded!
2020-10-16 14:06:41.0546 Info Message Template Auto Format enabled
2020-10-16 14:06:41.0996 Info Adding target FileTarget(Name=allfile)
2020-10-16 14:06:41.0996 Info Adding target FileTarget(Name=ownFile-web)
2020-10-16 14:06:41.1037 Info Adding target BufferingTargetWrapper(Name=ElasticSearch)
2020-10-16 14:06:41.1155 Warn Unused target detected. Add a rule for this target to the configuration. TargetName: ownFile-web
2020-10-16 14:06:41.1266 Info Found 58 configuration items
2020-10-16 14:06:46.4252 Error ElasticSearch: Failed to send log messages. status= Exception: Elasticsearch.Net.ElasticsearchClientException: Failed to ping the specified node.. Call: Status code unknown from: HEAD /
 ---> Elasticsearch.Net.PipelineException: Failed to ping the specified node.
 ---> Elasticsearch.Net.PipelineException: An error occurred trying to write the request data to the specified node.
 ---> System.Net.Http.HttpRequestException: Connection refused
 ---> System.Net.Sockets.SocketException (111): Connection refused
   at System.Net.Http.ConnectHelper.ConnectAsync(String host, Int32 port, CancellationToken cancellationToken)
   --- End of inner exception stack trace ---
   at System.Net.Http.ConnectHelper.ConnectAsync(String host, Int32 port, CancellationToken cancellationToken)
   at System.Net.Http.HttpConnectionPool.ConnectAsync(HttpRequestMessage request, Boolean allowHttp2, CancellationToken cancellationToken)
   at System.Net.Http.HttpConnectionPool.CreateHttp11ConnectionAsync(HttpRequestMessage request, CancellationToken cancellationToken)
   at System.Net.Http.HttpConnectionPool.GetHttpConnectionAsync(HttpRequestMessage request, CancellationToken cancellationToken)
   at System.Net.Http.HttpConnectionPool.SendWithRetryAsync(HttpRequestMessage request, Boolean doRequestAuth, CancellationToken cancellationToken)
   at System.Net.Http.RedirectHandler.SendAsync(HttpRequestMessage request, CancellationToken cancellationToken)
   at System.Net.Http.HttpClient.FinishSendAsyncUnbuffered(Task`1 sendTask, HttpRequestMessage request, CancellationTokenSource cts, Boolean disposeCts)
   at Elasticsearch.Net.HttpConnection.Request[TResponse](RequestData requestData)
   --- End of inner exception stack trace ---
   at Elasticsearch.Net.RequestPipeline.Ping(Node node)
   --- End of inner exception stack trace ---
   at Elasticsearch.Net.RequestPipeline.Ping(Node node)
   at Elasticsearch.Net.Transport`1.Ping(IRequestPipeline pipeline, Node node)
   at Elasticsearch.Net.Transport`1.Request[TResponse](HttpMethod method, String path, PostData data, IRequestParameters requestParameters)
   --- End of inner exception stack trace ---
2020-10-16 14:09:21.1814 Info AppDomain Shutting down. Logger closing...
2020-10-16 14:09:21.1908 Info Logger has been shut down.
2020-10-19 10:50:52.6814 Info Auto loading assembly file: /media/ism-ubuntu-onur/sade/code/clone code/SamilsamArge/argebackend/bin/Debug/netcoreapp3.1/NLog.Extensions.Logging.dll
2020-10-19 10:50:52.6866 Info Loading assembly file: /media/ism-ubuntu-onur/sade/code/clone code/SamilsamArge/argebackend/bin/Debug/netcoreapp3.1/NLog.Extensions.Logging.dll
2020-10-19 10:50:52.6953 Info NLog.Extensions.Logging, Version=1.0.0.0, Culture=neutral, PublicKeyToken=5120e14c03d0593c. File version: 1.6.0.1196. Product version: 1.6.0.
2020-10-19 10:50:52.7062 Info Auto loading assembly file: /media/ism-ubuntu-onur/sade/code/clone code/SamilsamArge/argebackend/bin/Debug/netcoreapp3.1/NLog.Extensions.Logging.dll succeeded!
2020-10-19 10:50:52.7062 Info Auto loading assembly file: /media/ism-ubuntu-onur/sade/code/clone code/SamilsamArge/argebackend/bin/Debug/netcoreapp3.1/NLog.Web.AspNetCore.dll
2020-10-19 10:50:52.7062 Info Loading assembly file: /media/ism-ubuntu-onur/sade/code/clone code/SamilsamArge/argebackend/bin/Debug/netcoreapp3.1/NLog.Web.AspNetCore.dll
2020-10-19 10:50:52.7068 Info NLog.Web.AspNetCore, Version=4.0.0.0, Culture=neutral, PublicKeyToken=5120e14c03d0593c. File version: 4.9.0.1511. Product version: 4.9.0.
2020-10-19 10:50:52.7068 Info Auto loading assembly file: /media/ism-ubuntu-onur/sade/code/clone code/SamilsamArge/argebackend/bin/Debug/netcoreapp3.1/NLog.Web.AspNetCore.dll succeeded!
2020-10-19 10:50:52.7068 Info Auto loading assembly file: /media/ism-ubuntu-onur/sade/code/clone code/SamilsamArge/argebackend/bin/Debug/netcoreapp3.1/NLog.Targets.ElasticSearch.dll
2020-10-19 10:50:52.7068 Info Loading assembly file: /media/ism-ubuntu-onur/sade/code/clone code/SamilsamArge/argebackend/bin/Debug/netcoreapp3.1/NLog.Targets.ElasticSearch.dll
2020-10-19 10:50:52.7068 Info NLog.Targets.ElasticSearch, Version=1.0.0.0, Culture=neutral, PublicKeyToken=3eb62cd298662c6a. File version: 1.0.0.0. Product version: 1.0.0+8f57b85988d61e23db8c67da4a8e6f1a746bd05f.
2020-10-19 10:50:52.7068 Info Auto loading assembly file: /media/ism-ubuntu-onur/sade/code/clone code/SamilsamArge/argebackend/bin/Debug/netcoreapp3.1/NLog.Targets.ElasticSearch.dll succeeded!
2020-10-19 10:50:52.7068 Info Message Template Auto Format enabled
2020-10-19 10:50:52.7499 Info Adding target FileTarget(Name=allfile)
2020-10-19 10:50:52.7508 Info Adding target FileTarget(Name=ownFile-web)
2020-10-19 10:50:52.7508 Info Adding target BufferingTargetWrapper(Name=ElasticSearch)
2020-10-19 10:50:52.7653 Warn Unused target detected. Add a rule for this target to the configuration. TargetName: ownFile-web
2020-10-19 10:50:52.7761 Info Found 58 configuration items
2020-10-19 10:51:40.8745 Info Auto loading assembly file: /media/ism-ubuntu-onur/sade/code/clone code/SamilsamArge/argebackend/bin/Debug/netcoreapp3.1/NLog.Extensions.Logging.dll
2020-10-19 10:51:40.8798 Info Loading assembly file: /media/ism-ubuntu-onur/sade/code/clone code/SamilsamArge/argebackend/bin/Debug/netcoreapp3.1/NLog.Extensions.Logging.dll
2020-10-19 10:51:40.8878 Info NLog.Extensions.Logging, Version=1.0.0.0, Culture=neutral, PublicKeyToken=5120e14c03d0593c. File version: 1.6.0.1196. Product version: 1.6.0.
2020-10-19 10:51:40.8878 Info Auto loading assembly file: /media/ism-ubuntu-onur/sade/code/clone code/SamilsamArge/argebackend/bin/Debug/netcoreapp3.1/NLog.Extensions.Logging.dll succeeded!
2020-10-19 10:51:40.8878 Info Auto loading assembly file: /media/ism-ubuntu-onur/sade/code/clone code/SamilsamArge/argebackend/bin/Debug/netcoreapp3.1/NLog.Web.AspNetCore.dll
2020-10-19 10:51:40.8878 Info Loading assembly file: /media/ism-ubuntu-onur/sade/code/clone code/SamilsamArge/argebackend/bin/Debug/netcoreapp3.1/NLog.Web.AspNetCore.dll
2020-10-19 10:51:40.8878 Info NLog.Web.AspNetCore, Version=4.0.0.0, Culture=neutral, PublicKeyToken=5120e14c03d0593c. File version: 4.9.0.1511. Product version: 4.9.0.
2020-10-19 10:51:40.8907 Info Auto loading assembly file: /media/ism-ubuntu-onur/sade/code/clone code/SamilsamArge/argebackend/bin/Debug/netcoreapp3.1/NLog.Web.AspNetCore.dll succeeded!
2020-10-19 10:51:40.8907 Info Auto loading assembly file: /media/ism-ubuntu-onur/sade/code/clone code/SamilsamArge/argebackend/bin/Debug/netcoreapp3.1/NLog.Targets.ElasticSearch.dll
2020-10-19 10:51:40.8907 Info Loading assembly file: /media/ism-ubuntu-onur/sade/code/clone code/SamilsamArge/argebackend/bin/Debug/netcoreapp3.1/NLog.Targets.ElasticSearch.dll
2020-10-19 10:51:40.8907 Info NLog.Targets.ElasticSearch, Version=1.0.0.0, Culture=neutral, PublicKeyToken=3eb62cd298662c6a. File version: 1.0.0.0. Product version: 1.0.0+8f57b85988d61e23db8c67da4a8e6f1a746bd05f.
2020-10-19 10:51:40.8907 Info Auto loading assembly file: /media/ism-ubuntu-onur/sade/code/clone code/SamilsamArge/argebackend/bin/Debug/netcoreapp3.1/NLog.Targets.ElasticSearch.dll succeeded!
2020-10-19 10:51:40.8907 Info Message Template Auto Format enabled
2020-10-19 10:51:40.9337 Info Adding target FileTarget(Name=allfile)
2020-10-19 10:51:40.9337 Info Adding target FileTarget(Name=ownFile-web)
2020-10-19 10:51:40.9376 Info Adding target BufferingTargetWrapper(Name=ElasticSearch)
2020-10-19 10:51:40.9493 Warn Unused target detected. Add a rule for this target to the configuration. TargetName: ownFile-web
2020-10-19 10:51:40.9603 Info Found 58 configuration items
2020-10-19 10:52:27.1874 Info Message Template Auto Format enabled
2020-10-19 10:52:27.2275 Info Adding target FileTarget(Name=allfile)
2020-10-19 10:52:27.2275 Info Adding target FileTarget(Name=ownFile-web)
2020-10-19 10:52:27.2316 Info Adding target BufferingTargetWrapper(Name=ElasticSearch)
2020-10-19 10:52:27.2430 Warn Unused target detected. Add a rule for this target to the configuration. TargetName: ownFile-web
2020-10-19 10:52:27.2524 Info Found 58 configuration items
2020-10-19 10:52:27.2748 Info Configuration initialized.
2020-10-19 10:52:27.2748 Info NLog, Version=4.0.0.0, Culture=neutral, PublicKeyToken=5120e14c03d0593c. File version: 4.6.8.10751. Product version: 4.6.8.
2020-10-19 10:52:28.9631 Info AppDomain Shutting down. Logger closing...
2020-10-19 10:52:29.0513 Error ElasticSearch: Failed to send log messages. status= Exception: Elasticsearch.Net.ElasticsearchClientException: Failed to ping the specified node.. Call: Status code unknown from: HEAD /
 ---> Elasticsearch.Net.PipelineException: Failed to ping the specified node.
 ---> Elasticsearch.Net.PipelineException: An error occurred trying to write the request data to the specified node.
 ---> System.Net.Http.HttpRequestException: Connection refused
 ---> System.Net.Sockets.SocketException (111): Connection refused
   at System.Net.Http.ConnectHelper.ConnectAsync(String host, Int32 port, CancellationToken cancellationToken)
   --- End of inner exception stack trace ---
   at System.Net.Http.ConnectHelper.ConnectAsync(String host, Int32 port, CancellationToken cancellationToken)
   at System.Net.Http.HttpConnectionPool.ConnectAsync(HttpRequestMessage request, Boolean allowHttp2, CancellationToken cancellationToken)
   at System.Net.Http.HttpConnectionPool.CreateHttp11ConnectionAsync(HttpRequestMessage request, CancellationToken cancellationToken)
   at System.Net.Http.HttpConnectionPool.GetHttpConnectionAsync(HttpRequestMessage request, CancellationToken cancellationToken)
   at System.Net.Http.HttpConnectionPool.SendWithRetryAsync(HttpRequestMessage request, Boolean doRequestAuth, CancellationToken cancellationToken)
   at System.Net.Http.RedirectHandler.SendAsync(HttpRequestMessage request, CancellationToken cancellationToken)
   at System.Net.Http.HttpClient.FinishSendAsyncUnbuffered(Task`1 sendTask, HttpRequestMessage request, CancellationTokenSource cts, Boolean disposeCts)
   at Elasticsearch.Net.HttpConnection.Request[TResponse](RequestData requestData)
   --- End of inner exception stack trace ---
   at Elasticsearch.Net.RequestPipeline.Ping(Node node)
   --- End of inner exception stack trace ---
   at Elasticsearch.Net.RequestPipeline.Ping(Node node)
   at Elasticsearch.Net.Transport`1.Ping(IRequestPipeline pipeline, Node node)
   at Elasticsearch.Net.Transport`1.Request[TResponse](HttpMethod method, String path, PostData data, IRequestParameters requestParameters)
   --- End of inner exception stack trace ---
2020-10-19 10:52:29.0513 Info Logger has been shut down.
2020-10-19 10:52:35.6116 Info Auto loading assembly file: /media/ism-ubuntu-onur/sade/code/clone code/SamilsamArge/argebackend/bin/Debug/netcoreapp3.1/NLog.Extensions.Logging.dll
2020-10-19 10:52:35.6169 Info Loading assembly file: /media/ism-ubuntu-onur/sade/code/clone code/SamilsamArge/argebackend/bin/Debug/netcoreapp3.1/NLog.Extensions.Logging.dll
2020-10-19 10:52:35.6249 Info NLog.Extensions.Logging, Version=1.0.0.0, Culture=neutral, PublicKeyToken=5120e14c03d0593c. File version: 1.6.0.1196. Product version: 1.6.0.
2020-10-19 10:52:35.6249 Info Auto loading assembly file: /media/ism-ubuntu-onur/sade/code/clone code/SamilsamArge/argebackend/bin/Debug/netcoreapp3.1/NLog.Extensions.Logging.dll succeeded!
2020-10-19 10:52:35.6249 Info Auto loading assembly file: /media/ism-ubuntu-onur/sade/code/clone code/SamilsamArge/argebackend/bin/Debug/netcoreapp3.1/NLog.Web.AspNetCore.dll
2020-10-19 10:52:35.6249 Info Loading assembly file: /media/ism-ubuntu-onur/sade/code/clone code/SamilsamArge/argebackend/bin/Debug/netcoreapp3.1/NLog.Web.AspNetCore.dll
2020-10-19 10:52:35.6268 Info NLog.Web.AspNetCore, Version=4.0.0.0, Culture=neutral, PublicKeyToken=5120e14c03d0593c. File version: 4.9.0.1511. Product version: 4.9.0.
2020-10-19 10:52:35.6268 Info Auto loading assembly file: /media/ism-ubuntu-onur/sade/code/clone code/SamilsamArge/argebackend/bin/Debug/netcoreapp3.1/NLog.Web.AspNetCore.dll succeeded!
2020-10-19 10:52:35.6268 Info Auto loading assembly file: /media/ism-ubuntu-onur/sade/code/clone code/SamilsamArge/argebackend/bin/Debug/netcoreapp3.1/NLog.Targets.ElasticSearch.dll
2020-10-19 10:52:35.6268 Info Loading assembly file: /media/ism-ubuntu-onur/sade/code/clone code/SamilsamArge/argebackend/bin/Debug/netcoreapp3.1/NLog.Targets.ElasticSearch.dll
2020-10-19 10:52:35.6268 Info NLog.Targets.ElasticSearch, Version=1.0.0.0, Culture=neutral, PublicKeyToken=3eb62cd298662c6a. File version: 1.0.0.0. Product version: 1.0.0+8f57b85988d61e23db8c67da4a8e6f1a746bd05f.
2020-10-19 10:52:35.6268 Info Auto loading assembly file: /media/ism-ubuntu-onur/sade/code/clone code/SamilsamArge/argebackend/bin/Debug/netcoreapp3.1/NLog.Targets.ElasticSearch.dll succeeded!
2020-10-19 10:52:35.6268 Info Message Template Auto Format enabled
2020-10-19 10:52:35.6698 Info Adding target FileTarget(Name=allfile)
2020-10-19 10:52:35.6698 Info Adding target FileTarget(Name=ownFile-web)
2020-10-19 10:52:35.6737 Info Adding target BufferingTargetWrapper(Name=ElasticSearch)
2020-10-19 10:52:35.6853 Warn Unused target detected. Add a rule for this target to the configuration. TargetName: ownFile-web
2020-10-19 10:52:35.6960 Info Found 58 configuration items
2020-10-19 10:53:33.9311 Info Message Template Auto Format enabled
2020-10-19 10:53:33.9949 Info Adding target FileTarget(Name=allfile)
2020-10-19 10:53:33.9949 Info Adding target FileTarget(Name=ownFile-web)
2020-10-19 10:53:33.9991 Info Adding target BufferingTargetWrapper(Name=ElasticSearch)
2020-10-19 10:53:34.0110 Warn Unused target detected. Add a rule for this target to the configuration. TargetName: ownFile-web
2020-10-19 10:53:34.0199 Info Found 58 configuration items
2020-10-19 10:53:34.0420 Info Configuration initialized.
2020-10-19 10:53:34.0420 Info NLog, Version=4.0.0.0, Culture=neutral, PublicKeyToken=5120e14c03d0593c. File version: 4.6.8.10751. Product version: 4.6.8.
2020-10-19 10:53:35.1095 Info AppDomain Shutting down. Logger closing...
2020-10-19 10:53:35.1845 Error ElasticSearch: Failed to send log messages. status= Exception: Elasticsearch.Net.ElasticsearchClientException: Failed to ping the specified node.. Call: Status code unknown from: HEAD /
 ---> Elasticsearch.Net.PipelineException: Failed to ping the specified node.
 ---> Elasticsearch.Net.PipelineException: An error occurred trying to write the request data to the specified node.
 ---> System.Net.Http.HttpRequestException: Connection refused
 ---> System.Net.Sockets.SocketException (111): Connection refused
   at System.Net.Http.ConnectHelper.ConnectAsync(String host, Int32 port, CancellationToken cancellationToken)
   --- End of inner exception stack trace ---
   at System.Net.Http.ConnectHelper.ConnectAsync(String host, Int32 port, CancellationToken cancellationToken)
   at System.Net.Http.HttpConnectionPool.ConnectAsync(HttpRequestMessage request, Boolean allowHttp2, CancellationToken cancellationToken)
   at System.Net.Http.HttpConnectionPool.CreateHttp11ConnectionAsync(HttpRequestMessage request, CancellationToken cancellationToken)
   at System.Net.Http.HttpConnectionPool.GetHttpConnectionAsync(HttpRequestMessage request, CancellationToken cancellationToken)
   at System.Net.Http.HttpConnectionPool.SendWithRetryAsync(HttpRequestMessage request, Boolean doRequestAuth, CancellationToken cancellationToken)
   at System.Net.Http.RedirectHandler.SendAsync(HttpRequestMessage request, CancellationToken cancellationToken)
   at System.Net.Http.HttpClient.FinishSendAsyncUnbuffered(Task`1 sendTask, HttpRequestMessage request, CancellationTokenSource cts, Boolean disposeCts)
   at Elasticsearch.Net.HttpConnection.Request[TResponse](RequestData requestData)
   --- End of inner exception stack trace ---
   at Elasticsearch.Net.RequestPipeline.Ping(Node node)
   --- End of inner exception stack trace ---
   at Elasticsearch.Net.RequestPipeline.Ping(Node node)
   at Elasticsearch.Net.Transport`1.Ping(IRequestPipeline pipeline, Node node)
   at Elasticsearch.Net.Transport`1.Request[TResponse](HttpMethod method, String path, PostData data, IRequestParameters requestParameters)
   --- End of inner exception stack trace ---
2020-10-19 10:53:35.1845 Info Logger has been shut down.
2020-10-19 10:53:44.8714 Info Message Template Auto Format enabled
2020-10-19 10:53:44.9300 Info Adding target FileTarget(Name=allfile)
2020-10-19 10:53:44.9309 Info Adding target FileTarget(Name=ownFile-web)
2020-10-19 10:53:44.9309 Info Adding target BufferingTargetWrapper(Name=ElasticSearch)
2020-10-19 10:53:44.9452 Warn Unused target detected. Add a rule for this target to the configuration. TargetName: ownFile-web
2020-10-19 10:53:44.9545 Info Found 58 configuration items
2020-10-19 10:53:44.9769 Info Configuration initialized.
2020-10-19 10:53:44.9769 Info NLog, Version=4.0.0.0, Culture=neutral, PublicKeyToken=5120e14c03d0593c. File version: 4.6.8.10751. Product version: 4.6.8.
2020-10-19 10:53:47.0544 Info AppDomain Shutting down. Logger closing...
2020-10-19 10:53:47.1330 Error ElasticSearch: Failed to send log messages. status= Exception: Elasticsearch.Net.ElasticsearchClientException: Failed to ping the specified node.. Call: Status code unknown from: HEAD /
 ---> Elasticsearch.Net.PipelineException: Failed to ping the specified node.
 ---> Elasticsearch.Net.PipelineException: An error occurred trying to write the request data to the specified node.
 ---> System.Net.Http.HttpRequestException: Connection refused
 ---> System.Net.Sockets.SocketException (111): Connection refused
   at System.Net.Http.ConnectHelper.ConnectAsync(String host, Int32 port, CancellationToken cancellationToken)
   --- End of inner exception stack trace ---
   at System.Net.Http.ConnectHelper.ConnectAsync(String host, Int32 port, CancellationToken cancellationToken)
   at System.Net.Http.HttpConnectionPool.ConnectAsync(HttpRequestMessage request, Boolean allowHttp2, CancellationToken cancellationToken)
   at System.Net.Http.HttpConnectionPool.CreateHttp11ConnectionAsync(HttpRequestMessage request, CancellationToken cancellationToken)
   at System.Net.Http.HttpConnectionPool.GetHttpConnectionAsync(HttpRequestMessage request, CancellationToken cancellationToken)
   at System.Net.Http.HttpConnectionPool.SendWithRetryAsync(HttpRequestMessage request, Boolean doRequestAuth, CancellationToken cancellationToken)
   at System.Net.Http.RedirectHandler.SendAsync(HttpRequestMessage request, CancellationToken cancellationToken)
   at System.Net.Http.HttpClient.FinishSendAsyncUnbuffered(Task`1 sendTask, HttpRequestMessage request, CancellationTokenSource cts, Boolean disposeCts)
   at Elasticsearch.Net.HttpConnection.Request[TResponse](RequestData requestData)
   --- End of inner exception stack trace ---
   at Elasticsearch.Net.RequestPipeline.Ping(Node node)
   --- End of inner exception stack trace ---
   at Elasticsearch.Net.RequestPipeline.Ping(Node node)
   at Elasticsearch.Net.Transport`1.Ping(IRequestPipeline pipeline, Node node)
   at Elasticsearch.Net.Transport`1.Request[TResponse](HttpMethod method, String path, PostData data, IRequestParameters requestParameters)
   --- End of inner exception stack trace ---
2020-10-19 10:53:47.1330 Info Logger has been shut down.
2020-10-19 10:53:52.4852 Info Auto loading assembly file: /media/ism-ubuntu-onur/sade/code/clone code/SamilsamArge/argebackend/bin/Debug/netcoreapp3.1/NLog.Extensions.Logging.dll
2020-10-19 10:53:52.4905 Info Loading assembly file: /media/ism-ubuntu-onur/sade/code/clone code/SamilsamArge/argebackend/bin/Debug/netcoreapp3.1/NLog.Extensions.Logging.dll
2020-10-19 10:53:52.4988 Info NLog.Extensions.Logging, Version=1.0.0.0, Culture=neutral, PublicKeyToken=5120e14c03d0593c. File version: 1.6.0.1196. Product version: 1.6.0.
2020-10-19 10:53:52.4988 Info Auto loading assembly file: /media/ism-ubuntu-onur/sade/code/clone code/SamilsamArge/argebackend/bin/Debug/netcoreapp3.1/NLog.Extensions.Logging.dll succeeded!
2020-10-19 10:53:52.4988 Info Auto loading assembly file: /media/ism-ubuntu-onur/sade/code/clone code/SamilsamArge/argebackend/bin/Debug/netcoreapp3.1/NLog.Web.AspNetCore.dll
2020-10-19 10:53:52.4988 Info Loading assembly file: /media/ism-ubuntu-onur/sade/code/clone code/SamilsamArge/argebackend/bin/Debug/netcoreapp3.1/NLog.Web.AspNetCore.dll
2020-10-19 10:53:52.4988 Info NLog.Web.AspNetCore, Version=4.0.0.0, Culture=neutral, PublicKeyToken=5120e14c03d0593c. File version: 4.9.0.1511. Product version: 4.9.0.
2020-10-19 10:53:52.4988 Info Auto loading assembly file: /media/ism-ubuntu-onur/sade/code/clone code/SamilsamArge/argebackend/bin/Debug/netcoreapp3.1/NLog.Web.AspNetCore.dll succeeded!
2020-10-19 10:53:52.4988 Info Auto loading assembly file: /media/ism-ubuntu-onur/sade/code/clone code/SamilsamArge/argebackend/bin/Debug/netcoreapp3.1/NLog.Targets.ElasticSearch.dll
2020-10-19 10:53:52.4988 Info Loading assembly file: /media/ism-ubuntu-onur/sade/code/clone code/SamilsamArge/argebackend/bin/Debug/netcoreapp3.1/NLog.Targets.ElasticSearch.dll
2020-10-19 10:53:52.4988 Info NLog.Targets.ElasticSearch, Version=1.0.0.0, Culture=neutral, PublicKeyToken=3eb62cd298662c6a. File version: 1.0.0.0. Product version: 1.0.0+8f57b85988d61e23db8c67da4a8e6f1a746bd05f.
2020-10-19 10:53:52.5027 Info Auto loading assembly file: /media/ism-ubuntu-onur/sade/code/clone code/SamilsamArge/argebackend/bin/Debug/netcoreapp3.1/NLog.Targets.ElasticSearch.dll succeeded!
2020-10-19 10:53:52.5027 Info Message Template Auto Format enabled
2020-10-19 10:53:52.5436 Info Adding target FileTarget(Name=allfile)
2020-10-19 10:53:52.5436 Info Adding target FileTarget(Name=ownFile-web)
2020-10-19 10:53:52.5476 Info Adding target BufferingTargetWrapper(Name=ElasticSearch)
2020-10-19 10:53:52.5589 Warn Unused target detected. Add a rule for this target to the configuration. TargetName: ownFile-web
2020-10-19 10:53:52.5697 Info Found 58 configuration items
2020-10-19 10:53:57.8763 Error ElasticSearch: Failed to send log messages. status= Exception: Elasticsearch.Net.ElasticsearchClientException: Failed to ping the specified node.. Call: Status code unknown from: HEAD /
 ---> Elasticsearch.Net.PipelineException: Failed to ping the specified node.
 ---> Elasticsearch.Net.PipelineException: An error occurred trying to write the request data to the specified node.
 ---> System.Net.Http.HttpRequestException: Connection refused
 ---> System.Net.Sockets.SocketException (111): Connection refused
   at System.Net.Http.ConnectHelper.ConnectAsync(String host, Int32 port, CancellationToken cancellationToken)
   --- End of inner exception stack trace ---
   at System.Net.Http.ConnectHelper.ConnectAsync(String host, Int32 port, CancellationToken cancellationToken)
   at System.Net.Http.HttpConnectionPool.ConnectAsync(HttpRequestMessage request, Boolean allowHttp2, CancellationToken cancellationToken)
   at System.Net.Http.HttpConnectionPool.CreateHttp11ConnectionAsync(HttpRequestMessage request, CancellationToken cancellationToken)
   at System.Net.Http.HttpConnectionPool.GetHttpConnectionAsync(HttpRequestMessage request, CancellationToken cancellationToken)
   at System.Net.Http.HttpConnectionPool.SendWithRetryAsync(HttpRequestMessage request, Boolean doRequestAuth, CancellationToken cancellationToken)
   at System.Net.Http.RedirectHandler.SendAsync(HttpRequestMessage request, CancellationToken cancellationToken)
   at System.Net.Http.HttpClient.FinishSendAsyncUnbuffered(Task`1 sendTask, HttpRequestMessage request, CancellationTokenSource cts, Boolean disposeCts)
   at Elasticsearch.Net.HttpConnection.Request[TResponse](RequestData requestData)
   --- End of inner exception stack trace ---
   at Elasticsearch.Net.RequestPipeline.Ping(Node node)
   --- End of inner exception stack trace ---
   at Elasticsearch.Net.RequestPipeline.Ping(Node node)
   at Elasticsearch.Net.Transport`1.Ping(IRequestPipeline pipeline, Node node)
   at Elasticsearch.Net.Transport`1.Request[TResponse](HttpMethod method, String path, PostData data, IRequestParameters requestParameters)
   --- End of inner exception stack trace ---
2020-10-19 10:54:08.3433 Info AppDomain Shutting down. Logger closing...
2020-10-19 10:54:08.3523 Info Logger has been shut down.
